[0.085s] DEBUG:colcon:Command line arguments: ['/usr/bin/colcon', 'list', '-p', '--base-paths', '/home/jiang/saisun_ws/src/saisunbox']
[0.085s] DEBUG:colcon:Parsed command line arguments: Namespace(base_paths=['/home/jiang/saisun_ws/src/saisunbox'], build_base='build', ignore_user_meta=False, log_base=None, log_level=None, main=<bound method ListVerb.main of <colcon_package_information.verb.list.ListVerb object at 0x7f27468e8130>>, metas=['./colcon.meta'], names_only=False, packages_above=None, packages_above_and_dependencies=None, packages_above_depth=None, packages_end=None, packages_ignore=None, packages_ignore_regex=None, packages_select=None, packages_select_build_failed=False, packages_select_by_dep=None, packages_select_regex=None, packages_select_test_failures=False, packages_skip=None, packages_skip_build_finished=False, packages_skip_by_dep=None, packages_skip_regex=None, packages_skip_test_passed=False, packages_skip_up_to=None, packages_start=None, packages_up_to=None, packages_up_to_regex=None, paths=None, paths_only=True, topological_graph=False, topological_graph_density=False, topological_graph_dot=False, topological_graph_dot_cluster=False, topological_graph_dot_include_skipped=False, topological_graph_legend=False, topological_order=False, verb_extension=<colcon_package_information.verb.list.ListVerb object at 0x7f27468e8130>, verb_name='list', verb_parser=<colcon_defaults.argument_parser.defaults.DefaultArgumentsDecorator object at 0x7f27467e0940>)
[0.104s] Level 1:colcon.colcon_core.package_discovery:discover_packages(colcon_meta) check parameters
[0.104s] Level 1:colcon.colcon_core.package_discovery:discover_packages(recursive) check parameters
[0.105s] Level 1:colcon.colcon_core.package_discovery:discover_packages(ignore) check parameters
[0.105s] Level 1:colcon.colcon_core.package_discovery:discover_packages(path) check parameters
[0.105s] Level 1:colcon.colcon_core.package_discovery:discover_packages(recursive) discover
[0.105s] INFO:colcon.colcon_core.package_discovery:Crawling recursively for packages in '/home/jiang/saisun_ws/src/saisunbox'
[0.105s] Level 1:colcon.colcon_core.package_identification:_identify(/home/jiang/saisun_ws/src/saisunbox) by extensions ['ignore', 'ignore_ament_install']
[0.105s] Level 1:colcon.colcon_core.package_identification:_identify(/home/jiang/saisun_ws/src/saisunbox) by extension 'ignore'
[0.105s] Level 1:colcon.colcon_core.package_identification:_identify(/home/jiang/saisun_ws/src/saisunbox) by extension 'ignore_ament_install'
[0.105s] Level 1:colcon.colcon_core.package_identification:_identify(/home/jiang/saisun_ws/src/saisunbox) by extensions ['colcon_pkg']
[0.105s] Level 1:colcon.colcon_core.package_identification:_identify(/home/jiang/saisun_ws/src/saisunbox) by extension 'colcon_pkg'
[0.105s] Level 1:colcon.colcon_core.package_identification:_identify(/home/jiang/saisun_ws/src/saisunbox) by extensions ['colcon_meta']
[0.105s] Level 1:colcon.colcon_core.package_identification:_identify(/home/jiang/saisun_ws/src/saisunbox) by extension 'colcon_meta'
[0.105s] Level 1:colcon.colcon_core.package_identification:_identify(/home/jiang/saisun_ws/src/saisunbox) by extensions ['ros']
[0.105s] Level 1:colcon.colcon_core.package_identification:_identify(/home/jiang/saisun_ws/src/saisunbox) by extension 'ros'
[0.113s] Level 1:colcon.colcon_core.package_identification:_identify(/home/jiang/saisun_ws/src/saisunbox) by extensions ['cmake', 'python']
[0.113s] Level 1:colcon.colcon_core.package_identification:_identify(/home/jiang/saisun_ws/src/saisunbox) by extension 'cmake'
[0.113s] Level 1:colcon.colcon_core.package_identification:_identify(/home/jiang/saisun_ws/src/saisunbox) by extension 'python'
[0.113s] Level 1:colcon.colcon_core.package_identification:_identify(/home/jiang/saisun_ws/src/saisunbox) by extensions ['python_setup_py']
[0.113s] Level 1:colcon.colcon_core.package_identification:_identify(/home/jiang/saisun_ws/src/saisunbox) by extension 'python_setup_py'
[0.113s] Level 1:colcon.colcon_core.package_identification:_identify(/home/jiang/saisun_ws/src/saisunbox/config) by extensions ['ignore', 'ignore_ament_install']
[0.113s] Level 1:colcon.colcon_core.package_identification:_identify(/home/jiang/saisun_ws/src/saisunbox/config) by extension 'ignore'
[0.113s] Level 1:colcon.colcon_core.package_identification:_identify(/home/jiang/saisun_ws/src/saisunbox/config) by extension 'ignore_ament_install'
[0.113s] Level 1:colcon.colcon_core.package_identification:_identify(/home/jiang/saisun_ws/src/saisunbox/config) by extensions ['colcon_pkg']
[0.113s] Level 1:colcon.colcon_core.package_identification:_identify(/home/jiang/saisun_ws/src/saisunbox/config) by extension 'colcon_pkg'
[0.113s] Level 1:colcon.colcon_core.package_identification:_identify(/home/jiang/saisun_ws/src/saisunbox/config) by extensions ['colcon_meta']
[0.114s] Level 1:colcon.colcon_core.package_identification:_identify(/home/jiang/saisun_ws/src/saisunbox/config) by extension 'colcon_meta'
[0.114s] Level 1:colcon.colcon_core.package_identification:_identify(/home/jiang/saisun_ws/src/saisunbox/config) by extensions ['ros']
[0.114s] Level 1:colcon.colcon_core.package_identification:_identify(/home/jiang/saisun_ws/src/saisunbox/config) by extension 'ros'
[0.114s] Level 1:colcon.colcon_core.package_identification:_identify(/home/jiang/saisun_ws/src/saisunbox/config) by extensions ['cmake', 'python']
[0.114s] Level 1:colcon.colcon_core.package_identification:_identify(/home/jiang/saisun_ws/src/saisunbox/config) by extension 'cmake'
[0.114s] Level 1:colcon.colcon_core.package_identification:_identify(/home/jiang/saisun_ws/src/saisunbox/config) by extension 'python'
[0.114s] Level 1:colcon.colcon_core.package_identification:_identify(/home/jiang/saisun_ws/src/saisunbox/config) by extensions ['python_setup_py']
[0.114s] Level 1:colcon.colcon_core.package_identification:_identify(/home/jiang/saisun_ws/src/saisunbox/config) by extension 'python_setup_py'
[0.114s] Level 1:colcon.colcon_core.package_identification:_identify(/home/jiang/saisun_ws/src/saisunbox/data) by extensions ['ignore', 'ignore_ament_install']
[0.114s] Level 1:colcon.colcon_core.package_identification:_identify(/home/jiang/saisun_ws/src/saisunbox/data) by extension 'ignore'
[0.114s] Level 1:colcon.colcon_core.package_identification:_identify(/home/jiang/saisun_ws/src/saisunbox/data) by extension 'ignore_ament_install'
[0.114s] Level 1:colcon.colcon_core.package_identification:_identify(/home/jiang/saisun_ws/src/saisunbox/data) by extensions ['colcon_pkg']
[0.114s] Level 1:colcon.colcon_core.package_identification:_identify(/home/jiang/saisun_ws/src/saisunbox/data) by extension 'colcon_pkg'
[0.114s] Level 1:colcon.colcon_core.package_identification:_identify(/home/jiang/saisun_ws/src/saisunbox/data) by extensions ['colcon_meta']
[0.114s] Level 1:colcon.colcon_core.package_identification:_identify(/home/jiang/saisun_ws/src/saisunbox/data) by extension 'colcon_meta'
[0.114s] Level 1:colcon.colcon_core.package_identification:_identify(/home/jiang/saisun_ws/src/saisunbox/data) by extensions ['ros']
[0.114s] Level 1:colcon.colcon_core.package_identification:_identify(/home/jiang/saisun_ws/src/saisunbox/data) by extension 'ros'
[0.114s] Level 1:colcon.colcon_core.package_identification:_identify(/home/jiang/saisun_ws/src/saisunbox/data) by extensions ['cmake', 'python']
[0.114s] Level 1:colcon.colcon_core.package_identification:_identify(/home/jiang/saisun_ws/src/saisunbox/data) by extension 'cmake'
[0.114s] Level 1:colcon.colcon_core.package_identification:_identify(/home/jiang/saisun_ws/src/saisunbox/data) by extension 'python'
[0.114s] Level 1:colcon.colcon_core.package_identification:_identify(/home/jiang/saisun_ws/src/saisunbox/data) by extensions ['python_setup_py']
[0.114s] Level 1:colcon.colcon_core.package_identification:_identify(/home/jiang/saisun_ws/src/saisunbox/data) by extension 'python_setup_py'
[0.114s] Level 1:colcon.colcon_core.package_identification:_identify(/home/jiang/saisun_ws/src/saisunbox/log) by extensions ['ignore', 'ignore_ament_install']
[0.115s] Level 1:colcon.colcon_core.package_identification:_identify(/home/jiang/saisun_ws/src/saisunbox/log) by extension 'ignore'
[0.115s] Level 1:colcon.colcon_core.package_identification:_identify(/home/jiang/saisun_ws/src/saisunbox/log) ignored
[0.115s] Level 1:colcon.colcon_core.package_identification:_identify(/home/jiang/saisun_ws/src/saisunbox/src) by extensions ['ignore', 'ignore_ament_install']
[0.115s] Level 1:colcon.colcon_core.package_identification:_identify(/home/jiang/saisun_ws/src/saisunbox/src) by extension 'ignore'
[0.115s] Level 1:colcon.colcon_core.package_identification:_identify(/home/jiang/saisun_ws/src/saisunbox/src) by extension 'ignore_ament_install'
[0.115s] Level 1:colcon.colcon_core.package_identification:_identify(/home/jiang/saisun_ws/src/saisunbox/src) by extensions ['colcon_pkg']
[0.115s] Level 1:colcon.colcon_core.package_identification:_identify(/home/jiang/saisun_ws/src/saisunbox/src) by extension 'colcon_pkg'
[0.115s] Level 1:colcon.colcon_core.package_identification:_identify(/home/jiang/saisun_ws/src/saisunbox/src) by extensions ['colcon_meta']
[0.115s] Level 1:colcon.colcon_core.package_identification:_identify(/home/jiang/saisun_ws/src/saisunbox/src) by extension 'colcon_meta'
[0.115s] Level 1:colcon.colcon_core.package_identification:_identify(/home/jiang/saisun_ws/src/saisunbox/src) by extensions ['ros']
[0.115s] Level 1:colcon.colcon_core.package_identification:_identify(/home/jiang/saisun_ws/src/saisunbox/src) by extension 'ros'
[0.115s] Level 1:colcon.colcon_core.package_identification:_identify(/home/jiang/saisun_ws/src/saisunbox/src) by extensions ['cmake', 'python']
[0.115s] Level 1:colcon.colcon_core.package_identification:_identify(/home/jiang/saisun_ws/src/saisunbox/src) by extension 'cmake'
[0.115s] Level 1:colcon.colcon_core.package_identification:_identify(/home/jiang/saisun_ws/src/saisunbox/src) by extension 'python'
[0.115s] Level 1:colcon.colcon_core.package_identification:_identify(/home/jiang/saisun_ws/src/saisunbox/src) by extensions ['python_setup_py']
[0.115s] Level 1:colcon.colcon_core.package_identification:_identify(/home/jiang/saisun_ws/src/saisunbox/src) by extension 'python_setup_py'
[0.115s] Level 1:colcon.colcon_core.package_identification:_identify(/home/jiang/saisun_ws/src/saisunbox/src/sensing) by extensions ['ignore', 'ignore_ament_install']
[0.115s] Level 1:colcon.colcon_core.package_identification:_identify(/home/jiang/saisun_ws/src/saisunbox/src/sensing) by extension 'ignore'
[0.115s] Level 1:colcon.colcon_core.package_identification:_identify(/home/jiang/saisun_ws/src/saisunbox/src/sensing) by extension 'ignore_ament_install'
[0.115s] Level 1:colcon.colcon_core.package_identification:_identify(/home/jiang/saisun_ws/src/saisunbox/src/sensing) by extensions ['colcon_pkg']
[0.116s] Level 1:colcon.colcon_core.package_identification:_identify(/home/jiang/saisun_ws/src/saisunbox/src/sensing) by extension 'colcon_pkg'
[0.116s] Level 1:colcon.colcon_core.package_identification:_identify(/home/jiang/saisun_ws/src/saisunbox/src/sensing) by extensions ['colcon_meta']
[0.116s] Level 1:colcon.colcon_core.package_identification:_identify(/home/jiang/saisun_ws/src/saisunbox/src/sensing) by extension 'colcon_meta'
[0.116s] Level 1:colcon.colcon_core.package_identification:_identify(/home/jiang/saisun_ws/src/saisunbox/src/sensing) by extensions ['ros']
[0.116s] Level 1:colcon.colcon_core.package_identification:_identify(/home/jiang/saisun_ws/src/saisunbox/src/sensing) by extension 'ros'
[0.117s] DEBUG:colcon.colcon_core.package_identification:Package '/home/jiang/saisun_ws/src/saisunbox/src/sensing' with type 'ros.ament_cmake' and name 'sensing'
[0.118s] Level 1:colcon.colcon_core.package_discovery:discover_packages(recursive) using defaults
